
ROM used: 601 (7%)
          601 (7%) including unused fragments

          1 Average locations per line
          3 Average locations per statement

RAM used: 34 (9%) at main() level
          34 (9%) worst case

Stack used: 3 worst case (out of 7 total available)

Lines Stmts  %   Files
----- ----- ---  -----
  318   216 100  Cronometro MaterChef 11.c
  312     0   0  ..\..\..\..\Program Files\PICC\devices\16f877a.h
----- -----
  630   216 Total

Page ROM  %  RAM   Vol Diff  Functions:
---- --- --- ---   --- ----  ----------
0     21   3   1             @delay_ms1
0     59  10   1   825  3.9  zera
0     40   7   0   338  3.7  reverso
0     22   4   0   183  4.0  TIMER1_isr
0     60  10   0   687  5.4  TIMER2_isr
0    337  56   2  4348  6.9  MAIN

Program metrics:
    Functions               5
    Statements              216
    Comments                196
    Volume (V)              7911
    Difficilty (D)          24.4
    Effort to implement (E) 192930
    Time to implement (T)   2 hours, 59 minutes
    Est Delivered Bugs (B)  1
    Cyclomatic Complexity   26
    Maintainability (MI)    57

 Segment     Used  Free
-----------  ----  ----
00000-00003     4  0  
00004-0003D    58  0  
0003E-007FF   539  1447  
00800-00FFF     0  2048  
01000-017FF     0  2048  
01800-01FFF     0  2048  



