
ROM used: 429 (5%)
          429 (5%) including unused fragments

          1 Average locations per line
          3 Average locations per statement

RAM used: 25 (7%) at main() level
          27 (7%) worst case

Stack used: 3 worst case (out of 6 total available)

Lines Stmts  %   Files
----- ----- ---  -----
  223   138 100  Cronometro MaterChef 3.c
  312     0   0  C:\Program Files (x86)\PICC\devices\16f877a.h
----- -----
  535   138 Total

Page ROM  %  RAM   Vol Diff  Functions:
---- --- --- ---   --- ----  ----------
0     21   5   1             @delay_ms1
0     65  15   1   762  3.9  zera
0     22   5   0   174  1.8  Sinal
0     60  14   0   644  4.9  TIMER2_isr
0    201  47   1  2403  4.4  MAIN

Program metrics:
    Functions               4
    Statements              138
    Comments                163
    Volume (V)              4979
    Difficilty (D)          15.1
    Effort to implement (E) 74960
    Time to implement (T)   1 hours, 9 minutes
    Est Delivered Bugs (B)  1
    Cyclomatic Complexity   19
    Maintainability (MI)    53

 Segment     Used  Free
-----------  ----  ----
00000-00003     4  0  
00004-0003B    56  0  
0003C-007FF   369  1619  
00800-00FFF     0  2048  
01000-017FF     0  2048  
01800-01FFF     0  2048  



