
ROM used:   625/8192 (8%)
            625/8192 (8%) including unused fragments

            0.6 Average locations per line
            2.8 Average locations per statement

RAM used:   32/368 (9%) at main() level
            32/368 (9%) worst case

Stack used: 3 worst case (2 in main + 1 for interrupts)
Stack size: 8

Lines Stmts  %   Files
----- ----- ---  -----
  325   223 100  Cronometro MaterChef 13.c
  671     0   0  C:\Program Files (x86)\PICC 5\PICC\Devices\16f877a.h
----- -----
  996   223 Total

Page ROM  %  RAM   Vol Diff  Functions:
---- --- --- ---   --- ----  ----------
0     21   3    1             @delay_ms1
0     68  11    1   993  3.9  zera
0     40   6    0   338  3.7  reverso
0     22   4    0   183  4.0  TIMER1_isr
0     60  10    0   687  5.4  TIMER2_isr
0    356  57    2  4616  6.9  MAIN
 Inline         0             @cinit1

Program metrics:
    Functions               5
    Statements              223
    Comments                246
    Volume (V)              8432
    Difficulty (D)          24.4
    Effort to implement (E) 205422
    Time to implement (T)   3 hours, 10 minutes
    Est Delivered Bugs (B)  1
    Cyclomatic Complexity   25
    Maintainability (MI)    20

 Segment     Used  Free
-----------  ----  ----
00000-00003     4  0  
00004-00039    54  0  
0003A-007FF   567  1423  
00800-00FFF     0  2048  
01000-017FF     0  2048  
01800-01FFF     0  2048  



