
ROM used: 344 (4%)
          344 (4%) including unused fragments

          1 Average locations per line
          4 Average locations per statement

RAM used: 30 (8%) at main() level
          31 (8%) worst case

Stack used: 5 worst case (out of 5 total available)

Lines Stmts  %   Files
----- ----- ---  -----
  181    96 100  Cronometro MaterChef 2.c
  312     0   0  ..\..\..\..\..\Program Files (x86)\PICC\devices\16f877a.h
----- -----
  493    96 Total

Page ROM  %  RAM   Vol Diff  Functions:
---- --- --- ---   --- ----  ----------
0     21   6   1             @delay_ms1
0     30   9   1   375  3.3  zera
0      9   3   0    50  1.5  Sinal
0     54  16   0   570  5.1  TIMER2_isr
0    170  49   1  1695  4.4  MAIN

Program metrics:
    Functions               4
    Statements              96
    Comments                149
    Volume (V)              3355
    Difficilty (D)          14.5
    Effort to implement (E) 48810
    Time to implement (T)   45 minutes
    Est Delivered Bugs (B)  0
    Cyclomatic Complexity   10
    Maintainability (MI)    82

 Segment     Used  Free
-----------  ----  ----
00000-00003     4  0  
00004-0003B    56  0  
0003C-007FF   284  1704  
00800-00FFF     0  2048  
01000-017FF     0  2048  
01800-01FFF     0  2048  



