CCS PCM C Compiler, Version 5.015, 38112               14-ago-19 16:49

               Filename:   D:\Google Drive\Cronometro MaterChef\Cronometro MaterChef 13.lst

               ROM used:   625 words (8%)
                           Largest free fragment is 2048
               RAM used:   32 (9%) at main() level
                           32 (9%) worst case
               Stack used: 3 locations (2 in main + 1 for interrupts)
               Stack size: 8

*
0000:  MOVLW  01
0001:  MOVWF  0A
0002:  GOTO   10D
0003:  NOP
0004:  MOVWF  7F
0005:  SWAPF  03,W
0006:  CLRF   03
0007:  MOVWF  21
0008:  MOVF   0A,W
0009:  MOVWF  20
000A:  CLRF   0A
000B:  MOVF   04,W
000C:  MOVWF  22
000D:  MOVF   77,W
000E:  MOVWF  23
000F:  MOVF   78,W
0010:  MOVWF  24
0011:  MOVF   79,W
0012:  MOVWF  25
0013:  MOVF   7A,W
0014:  MOVWF  26
0015:  BCF    03.7
0016:  BCF    03.5
0017:  MOVLW  8C
0018:  MOVWF  04
0019:  BTFSS  00.0
001A:  GOTO   01D
001B:  BTFSC  0C.0
001C:  GOTO   034
001D:  MOVLW  8C
001E:  MOVWF  04
001F:  BTFSS  00.1
0020:  GOTO   023
0021:  BTFSC  0C.1
0022:  GOTO   037
0023:  MOVF   22,W
0024:  MOVWF  04
0025:  MOVF   23,W
0026:  MOVWF  77
0027:  MOVF   24,W
0028:  MOVWF  78
0029:  MOVF   25,W
002A:  MOVWF  79
002B:  MOVF   26,W
002C:  MOVWF  7A
002D:  MOVF   20,W
002E:  MOVWF  0A
002F:  SWAPF  21,W
0030:  MOVWF  03
0031:  SWAPF  7F,F
0032:  SWAPF  7F,W
0033:  RETFIE
0034:  BCF    0A.3
0035:  BCF    0A.4
0036:  GOTO   03A
0037:  BCF    0A.3
0038:  BCF    0A.4
0039:  GOTO   050
.................... /******************************************************************************* 
.................... *               
.................... *                             Auto Robotica 
.................... * 
.................... * Cronometro Master Chef:   Marco de 2019                                Raul S F 
.................... ******************************************************************************** 
.................... ******************************************************************************** 
.................... * Historico 
.................... * Revisao  
.................... * Revisao  
.................... * Revisao  
.................... ******************************************************************************** 
.................... */ 
....................  
.................... #include <16f877a.h> 
.................... //////////// Standard Header file for the PIC16F877A device //////////////// 
.................... /////////////////////////////////////////////////////////////////////////// 
.................... ////        (C) Copyright 1996, 2013 Custom Computer Services          //// 
.................... //// This source code may only be used by licensed users of the CCS C  //// 
.................... //// compiler.  This source code may only be distributed to other      //// 
.................... //// licensed users of the CCS C compiler.  No other use, reproduction //// 
.................... //// or distribution is permitted without written permission.          //// 
.................... //// Derivative programs created using this software in object code    //// 
.................... //// form are not restricted in any way.                               //// 
.................... /////////////////////////////////////////////////////////////////////////// 
.................... #device PIC16F877A 
....................  
.................... #list 
....................  
....................  
.................... /* * * * * * * * * * * * * * * * * * * * * * * * * * * * * * * * * * * * * 
.................... * Configurações para gravação * 
.................... * * * * * * * * * * * * * * * * * * * * * * * * * * * * * * * * * * * * */ 
....................  
.................... #FUSES WDT, HS, PUT, NOPROTECT, NODEBUG, NOBROWNOUT, NOLVP, NOCPD 
.................... #use delay(clock=4000000) 
*
008C:  MOVLW  3A
008D:  MOVWF  04
008E:  BCF    03.7
008F:  MOVF   00,W
0090:  BTFSC  03.2
0091:  GOTO   0A0
0092:  MOVLW  01
0093:  MOVWF  78
0094:  CLRF   77
0095:  DECFSZ 77,F
0096:  GOTO   095
0097:  DECFSZ 78,F
0098:  GOTO   094
0099:  MOVLW  4A
009A:  MOVWF  77
009B:  DECFSZ 77,F
009C:  GOTO   09B
009D:  GOTO   09E
009E:  DECFSZ 00,F
009F:  GOTO   092
00A0:  RETURN
....................  
.................... /* * * * * * * * * * * * * * * * * * * * * * * * * * * * * * * * * * * * * 
.................... * Definição e inicialização dos port's *' 
.................... * * * * * * * * * * * * * * * * * * * * * * * * * * * * * * * * * * * * */ 
....................  
.................... #use fast_io(a) 
.................... #use standard_io(b) 
.................... #use fast_io(c) 
.................... #use fast_io(d) 
.................... //#use fast_io(b) 
....................  
.................... /* * * * * * * * * * * * * * * * * * * * * * * * * * * * * * * * * * * * * 
.................... * Definição e inicialização das variáveis * 
.................... * * * * * * * * * * * * * * * * * * * * * * * * * * * * * * * * * * * * */ 
.................... long int tempo=0; 
.................... int cont=0; 
.................... int sensor1=0; 
.................... int sensor2=0; 
.................... int start=0; 
.................... int direcao=0; 
.................... int teste=0; 
.................... int rev=0; 
.................... long int aux=0; 
.................... int pisca=0; 
.................... int f_pisca=0;  
.................... int pausa=0; 
....................  
.................... Void zera(){ 
....................    output_low(pin_c0);//led 60 
00A1:  BCF    07.0
....................    output_low(pin_c1);//led 120 
00A2:  BCF    07.1
....................    output_low(pin_c2);//led 180 
00A3:  BCF    07.2
....................    output_high(pin_d1);//direcao 1 
00A4:  BSF    08.1
....................    output_high(pin_d3);//direção  
00A5:  BSF    08.3
....................    if(input(pin_b0)==0){ 
00A6:  BSF    03.5
00A7:  BSF    06.0
00A8:  BCF    03.5
00A9:  BTFSC  06.0
00AA:  GOTO   0AD
....................    sensor1=1; 
00AB:  MOVLW  01
00AC:  MOVWF  2A
....................    } 
....................    if(input(pin_b1)==0){ 
00AD:  BSF    03.5
00AE:  BSF    06.1
00AF:  BCF    03.5
00B0:  BTFSC  06.1
00B1:  GOTO   0B4
....................    sensor2=1; 
00B2:  MOVLW  01
00B3:  MOVWF  2B
....................    } 
....................     
.................... while((sensor1==1)||(sensor2==1)||(input(pin_a5)==1)){ 
00B4:  DECFSZ 2A,W
00B5:  GOTO   0B7
00B6:  GOTO   0BC
00B7:  DECFSZ 2B,W
00B8:  GOTO   0BA
00B9:  GOTO   0BC
00BA:  BTFSS  05.5
00BB:  GOTO   0E4
....................    if((sensor1==1)||(input(pin_a5)==1)){ 
00BC:  DECFSZ 2A,W
00BD:  GOTO   0BF
00BE:  GOTO   0C1
00BF:  BTFSS  05.5
00C0:  GOTO   0D0
....................    restart_wdt(); 
00C1:  CLRWDT
....................    output_high(pin_d0);//habilita drive 
00C2:  BSF    08.0
....................    output_high(pin_d2);//pulso motor1 
00C3:  BSF    08.2
....................    delay_ms(2); 
00C4:  MOVLW  02
00C5:  MOVWF  3A
00C6:  CALL   08C
....................    output_low(pin_d2);//pulso motor1  
00C7:  BCF    08.2
....................    delay_ms(2);     
00C8:  MOVLW  02
00C9:  MOVWF  3A
00CA:  CALL   08C
....................       if(input(pin_b0)==1)sensor1=0; 
00CB:  BSF    03.5
00CC:  BSF    06.0
00CD:  BCF    03.5
00CE:  BTFSC  06.0
00CF:  CLRF   2A
....................       } 
....................          if((sensor2==1)||(input(pin_a5)==1)){ 
00D0:  DECFSZ 2B,W
00D1:  GOTO   0D3
00D2:  GOTO   0D5
00D3:  BTFSS  05.5
00D4:  GOTO   0E3
....................          output_high(pin_d0);//habilita drive 
00D5:  BSF    08.0
....................          output_high(pin_d4);//pulso motor2 
00D6:  BSF    08.4
....................          delay_ms(2); 
00D7:  MOVLW  02
00D8:  MOVWF  3A
00D9:  CALL   08C
....................          output_low(pin_d4);//pulso motor2 
00DA:  BCF    08.4
....................          delay_ms(2);       
00DB:  MOVLW  02
00DC:  MOVWF  3A
00DD:  CALL   08C
....................             if(input(pin_b1)==1)sensor2=0; 
00DE:  BSF    03.5
00DF:  BSF    06.1
00E0:  BCF    03.5
00E1:  BTFSC  06.1
00E2:  CLRF   2B
....................       } 
00E3:  GOTO   0B4
....................    } 
00E4:  RETURN
.................... } 
....................  
.................... void reverso(){ 
.................... //1,8°/3600= 
.................... aux=tempo*2; 
00E5:  BCF    03.0
00E6:  RLF    27,W
00E7:  MOVWF  30
00E8:  RLF    28,W
00E9:  MOVWF  31
....................  
....................    while(aux>0){ 
00EA:  MOVF   30,F
00EB:  BTFSS  03.2
00EC:  GOTO   0F0
00ED:  MOVF   31,F
00EE:  BTFSC  03.2
00EF:  GOTO   107
....................    restart_wdt(); 
00F0:  CLRWDT
....................    aux--;    
00F1:  MOVF   30,W
00F2:  BTFSC  03.2
00F3:  DECF   31,F
00F4:  DECF   30,F
....................    output_high(pin_d2);//pulso motor1 
00F5:  BSF    08.2
....................    delay_ms(2); 
00F6:  MOVLW  02
00F7:  MOVWF  3A
00F8:  CALL   08C
....................    output_low(pin_d2);//pulso motor1  
00F9:  BCF    08.2
....................    delay_ms(2); 
00FA:  MOVLW  02
00FB:  MOVWF  3A
00FC:  CALL   08C
....................           
....................    output_high(pin_d0);//habilita drive 
00FD:  BSF    08.0
....................    output_high(pin_d4);//pulso motor2 
00FE:  BSF    08.4
....................    delay_ms(2); 
00FF:  MOVLW  02
0100:  MOVWF  3A
0101:  CALL   08C
....................    output_low(pin_d4);//pulso motor2 
0102:  BCF    08.4
....................    delay_ms(2); 
0103:  MOVLW  02
0104:  MOVWF  3A
0105:  CALL   08C
0106:  GOTO   0EA
....................    } 
....................    cont=0; 
0107:  CLRF   29
....................    rev=1; 
0108:  MOVLW  01
0109:  MOVWF  2F
010A:  BCF    0A.3
010B:  BCF    0A.4
010C:  GOTO   1FC (RETURN)
.................... } 
....................  
....................  #int_TIMER1 
....................  void  TIMER1_isr(void){ 
....................  restart_wdt(); 
*
003A:  CLRWDT
....................    pisca++; 
003B:  INCF   32,F
....................       if(pisca==1){ 
003C:  DECFSZ 32,W
003D:  GOTO   04C
....................       pisca=0; 
003E:  CLRF   32
....................       f_pisca=!f_pisca; 
003F:  MOVF   33,F
0040:  BTFSC  03.2
0041:  GOTO   044
0042:  MOVLW  00
0043:  GOTO   045
0044:  MOVLW  01
0045:  MOVWF  33
....................       if(f_pisca==0){ 
0046:  MOVF   33,F
0047:  BTFSS  03.2
0048:  GOTO   04B
....................       output_low(pin_c3);//led start 
0049:  BCF    07.3
....................       } 
004A:  GOTO   04C
....................       else output_high(pin_c3);//led start 
004B:  BSF    07.3
....................       } 
....................  } 
....................  
004C:  BCF    0C.0
004D:  BCF    0A.3
004E:  BCF    0A.4
004F:  GOTO   023
.................... #int_TIMER2 
.................... void  TIMER2_isr(void){ 
.................... static long acumulador=68;//33=estouro 4,5s 
.................... static int i=0; 
....................     
.................... restart_wdt(); 
0050:  CLRWDT
....................    if(tempo!=0){    
0051:  MOVF   27,F
0052:  BTFSS  03.2
0053:  GOTO   057
0054:  MOVF   28,F
0055:  BTFSC  03.2
0056:  GOTO   076
....................       if(acumulador>0){ 
0057:  MOVF   35,F
0058:  BTFSS  03.2
0059:  GOTO   05D
005A:  MOVF   36,F
005B:  BTFSC  03.2
005C:  GOTO   062
....................       acumulador--; 
005D:  MOVF   35,W
005E:  BTFSC  03.2
005F:  DECF   36,F
0060:  DECF   35,F
....................       } 
0061:  GOTO   075
....................       else{ 
....................       tempo--; 
0062:  MOVF   27,W
0063:  BTFSC  03.2
0064:  DECF   28,F
0065:  DECF   27,F
....................       acumulador=68; 
0066:  CLRF   36
0067:  MOVLW  44
0068:  MOVWF  35
....................          if(i==0){ 
0069:  MOVF   37,F
006A:  BTFSS  03.2
006B:  GOTO   072
....................          output_high(pin_d2); //pulso motor1 
006C:  BSF    08.2
....................          output_high(pin_d4); 
006D:  BSF    08.4
....................          i=1; 
006E:  MOVLW  01
006F:  MOVWF  37
....................          teste++; 
0070:  INCF   2E,F
....................          } 
0071:  GOTO   075
....................          else{ 
....................          output_low(pin_d2); //pulso motor1 
0072:  BCF    08.2
....................          output_low(pin_d4); 
0073:  BCF    08.4
....................          i=0; 
0074:  CLRF   37
....................          } 
....................          } 
....................        
....................    } 
0075:  GOTO   088
....................    else{ 
....................    cont=0; 
0076:  CLRF   29
....................    disable_interrupts(INT_TIMER2); 
0077:  BSF    03.5
0078:  BCF    0C.1
....................    output_low(pin_e0);//led 15 
0079:  BCF    09.0
007A:  BCF    03.5
007B:  BCF    09.0
....................    output_low(pin_e1);//led 30 
007C:  BSF    03.5
007D:  BCF    09.1
007E:  BCF    03.5
007F:  BCF    09.1
....................    output_low(pin_e2);//led 45 
0080:  BSF    03.5
0081:  BCF    09.2
0082:  BCF    03.5
0083:  BCF    09.2
....................    output_low(pin_c0);//led 60 
0084:  BCF    07.0
....................    output_low(pin_c1);//led 120 
0085:  BCF    07.1
....................    output_low(pin_c2);//led 180 
0086:  BCF    07.2
....................    output_low(pin_c3);//led start 
0087:  BCF    07.3
....................     
....................    } 
0088:  BCF    0C.1
0089:  BCF    0A.3
008A:  BCF    0A.4
008B:  GOTO   023
.................... } 
....................  
.................... //360°/1,8º=200 passos p volta 
.................... //motor 200 passo/rev 
....................  
.................... void main(void) { 
*
010D:  MOVF   03,W
010E:  ANDLW  1F
010F:  MOVWF  03
0110:  CLRF   28
0111:  CLRF   27
0112:  CLRF   29
0113:  CLRF   2A
0114:  CLRF   2B
0115:  CLRF   2C
0116:  CLRF   2D
0117:  CLRF   2E
0118:  CLRF   2F
0119:  CLRF   31
011A:  CLRF   30
011B:  CLRF   32
011C:  CLRF   33
011D:  CLRF   34
011E:  CLRF   36
011F:  MOVLW  44
0120:  MOVWF  35
0121:  CLRF   37
0122:  CLRF   38
0123:  BSF    03.5
0124:  BSF    1F.0
0125:  BSF    1F.1
0126:  BSF    1F.2
0127:  BCF    1F.3
0128:  MOVLW  07
0129:  MOVWF  1C
012A:  BCF    03.7
.................... //   setup_timer_0(RTCC_INTERNAL|RTCC_DIV_1); 
.................... //   setup_wdt(WDT_1152MS); 
....................    setup_timer_2(T2_DIV_BY_16,255,16);//65,5ms 
012B:  MOVLW  78
012C:  MOVWF  78
012D:  IORLW  06
012E:  BCF    03.5
012F:  MOVWF  12
0130:  MOVLW  FF
0131:  BSF    03.5
0132:  MOVWF  12
....................    setup_timer_1(T1_INTERNAL|T1_DIV_BY_8); 
0133:  MOVLW  B5
0134:  BCF    03.5
0135:  MOVWF  10
....................    disable_interrupts(INT_TIMER1); 
0136:  BSF    03.5
0137:  BCF    0C.0
....................    disable_interrupts(INT_TIMER2); 
0138:  BCF    0C.1
....................    disable_interrupts(INT_EXT);; 
0139:  BCF    03.5
013A:  BCF    0B.4
....................    disable_interrupts(INT_CCP1); 
013B:  BSF    03.5
013C:  BCF    0C.2
....................    setup_comparator(NC_NC_NC_NC); 
013D:  MOVLW  07
013E:  MOVWF  1C
013F:  MOVF   05,W
0140:  MOVWF  05
0141:  MOVLW  02
0142:  MOVWF  77
0143:  DECFSZ 77,F
0144:  GOTO   143
0145:  GOTO   146
0146:  NOP
0147:  MOVF   1C,W
0148:  BCF    03.5
0149:  BCF    0D.6
....................    setup_vref(FALSE); 
014A:  BSF    03.5
014B:  CLRF   1D
....................    set_tris_a(0b11111111); 
014C:  MOVLW  FF
014D:  MOVWF  05
....................    set_tris_b(0b11000111); 
014E:  MOVLW  C7
014F:  MOVWF  06
....................    set_tris_c(0b11110000); 
0150:  MOVLW  F0
0151:  MOVWF  07
....................    set_tris_d(0b00000000); 
0152:  MOVLW  00
0153:  MOVWF  08
....................    set_tris_e(0b00000000); 
0154:  BCF    09.0
0155:  BCF    09.1
0156:  BCF    09.2
....................    output_low(pin_e0); 
0157:  BCF    09.0
0158:  BCF    03.5
0159:  BCF    09.0
....................    output_low(pin_e1);//led 30 
015A:  BSF    03.5
015B:  BCF    09.1
015C:  BCF    03.5
015D:  BCF    09.1
....................    output_low(pin_e2);//led 45 
015E:  BSF    03.5
015F:  BCF    09.2
0160:  BCF    03.5
0161:  BCF    09.2
....................    output_low(pin_d0);//habilita drive 
0162:  BCF    08.0
....................    output_low(pin_c0);//led 60 
0163:  BCF    07.0
....................    output_low(pin_c1);//led 120 
0164:  BCF    07.1
....................    output_low(pin_c2);//led 180 
0165:  BCF    07.2
....................    output_low(pin_c3);//led start 
0166:  BCF    07.3
....................    enable_interrupts(GLOBAL); 
0167:  MOVLW  C0
0168:  IORWF  0B,F
....................     
....................    zera(); 
0169:  CALL   0A1
....................    output_high(pin_d0);//habilita drive 
016A:  BSF    08.0
....................     
....................    /* * * * * * * * * * * * * * * * * * * * * * * * * * * * * * * * * * * * 
....................    * Loop principal * 
....................    * * * * * * * * * * * * * * * * * * * * * * * * * * * * * * * * * * * */ 
....................       while(TRUE){ 
....................       restart_wdt(); 
016B:  CLRWDT
....................          if((input(pin_a0)==1)){//15 minutos 
016C:  BTFSS  05.0
016D:  GOTO   177
....................          tempo=50;//=15 minutos 
016E:  CLRF   28
016F:  MOVLW  32
0170:  MOVWF  27
....................          output_high(pin_e0);//led 15 
0171:  BSF    03.5
0172:  BCF    09.0
0173:  BCF    03.5
0174:  BSF    09.0
....................          cont=1; 
0175:  MOVLW  01
0176:  MOVWF  29
....................          } 
....................           
....................          if((input(pin_a1)==1)){//30 minutos 
0177:  BTFSS  05.1
0178:  GOTO   182
....................          tempo=100;//=30 minutos 
0179:  CLRF   28
017A:  MOVLW  64
017B:  MOVWF  27
....................          output_high(pin_e1);//led 30 
017C:  BSF    03.5
017D:  BCF    09.1
017E:  BCF    03.5
017F:  BSF    09.1
....................          cont=1; 
0180:  MOVLW  01
0181:  MOVWF  29
....................          } 
....................           
....................          if((input(pin_a2)==1)){//45 minutos 
0182:  BTFSS  05.2
0183:  GOTO   18D
....................          tempo=150;//=45 minutos 
0184:  CLRF   28
0185:  MOVLW  96
0186:  MOVWF  27
....................          output_high(pin_e2);//led 45 
0187:  BSF    03.5
0188:  BCF    09.2
0189:  BCF    03.5
018A:  BSF    09.2
....................          cont=1; 
018B:  MOVLW  01
018C:  MOVWF  29
....................          } 
....................           
....................          if((input(pin_a3)==1)){//60... minutos 
018D:  BTFSS  05.3
018E:  GOTO   1D0
....................             static int acum=0; 
....................             if(acum==3){ 
018F:  MOVF   38,W
0190:  SUBLW  03
0191:  BTFSC  03.2
....................             acum=0; 
0192:  CLRF   38
....................             } 
....................              
....................             if(acum==2){ 
0193:  MOVF   38,W
0194:  SUBLW  02
0195:  BTFSS  03.2
0196:  GOTO   1A9
....................             tempo=600;//=180 minutos 
0197:  MOVLW  02
0198:  MOVWF  28
0199:  MOVLW  58
019A:  MOVWF  27
....................             acum=3; 
019B:  MOVLW  03
019C:  MOVWF  38
....................             output_low(pin_c0);//led 60 
019D:  BCF    07.0
....................             output_low(pin_c1);//led 120 
019E:  BCF    07.1
....................             output_high(pin_c2);//led 180 
019F:  BSF    07.2
....................             delay_ms(400); 
01A0:  MOVLW  02
01A1:  MOVWF  39
01A2:  MOVLW  C8
01A3:  MOVWF  3A
01A4:  CALL   08C
01A5:  DECFSZ 39,F
01A6:  GOTO   1A2
....................             cont=1; 
01A7:  MOVLW  01
01A8:  MOVWF  29
....................             } 
....................          
....................             if(acum==1){ 
01A9:  DECFSZ 38,W
01AA:  GOTO   1BC
....................             tempo=400;//=120 minutos 
01AB:  MOVLW  01
01AC:  MOVWF  28
01AD:  MOVLW  90
01AE:  MOVWF  27
....................             acum=2; 
01AF:  MOVLW  02
01B0:  MOVWF  38
....................             output_low(pin_c0);//led 60 
01B1:  BCF    07.0
....................             output_high(pin_c1);//led 120 
01B2:  BSF    07.1
....................             output_low(pin_c2);//led 180 
01B3:  BCF    07.2
....................             delay_ms(400); 
01B4:  MOVWF  39
01B5:  MOVLW  C8
01B6:  MOVWF  3A
01B7:  CALL   08C
01B8:  DECFSZ 39,F
01B9:  GOTO   1B5
....................             cont=1; 
01BA:  MOVLW  01
01BB:  MOVWF  29
....................             } 
....................              
....................             if(acum==0){ 
01BC:  MOVF   38,F
01BD:  BTFSS  03.2
01BE:  GOTO   1D0
....................             tempo=201;//=60 minutos 
01BF:  CLRF   28
01C0:  MOVLW  C9
01C1:  MOVWF  27
....................             acum=1; 
01C2:  MOVLW  01
01C3:  MOVWF  38
....................             output_high(pin_c0);//led 60 
01C4:  BSF    07.0
....................             output_low(pin_c1);//led 120 
01C5:  BCF    07.1
....................             output_low(pin_c2);//led 180      
01C6:  BCF    07.2
....................             delay_ms(400); 
01C7:  MOVLW  02
01C8:  MOVWF  39
01C9:  MOVLW  C8
01CA:  MOVWF  3A
01CB:  CALL   08C
01CC:  DECFSZ 39,F
01CD:  GOTO   1C9
....................             cont=1; 
01CE:  MOVLW  01
01CF:  MOVWF  29
....................             } 
....................              
....................          } 
....................           
....................          if((input(pin_a4)==1)&&((cont==1)||(rev==1))){//stop 
01D0:  BTFSS  05.4
01D1:  GOTO   1E7
01D2:  DECFSZ 29,W
01D3:  GOTO   1D5
01D4:  GOTO   1D7
01D5:  DECFSZ 2F,W
01D6:  GOTO   1E7
....................             if(start==1){ 
01D7:  DECFSZ 2C,W
01D8:  GOTO   1E7
....................                disable_interrupts(INT_TIMER2); 
01D9:  BSF    03.5
01DA:  BCF    0C.1
....................                enable_interrupts(INT_TIMER1); 
01DB:  BSF    0C.0
....................                //output_low(pin_c3);//led start 
....................                start=0; 
01DC:  BCF    03.5
01DD:  CLRF   2C
....................                delay_ms(400); 
01DE:  MOVLW  02
01DF:  MOVWF  39
01E0:  MOVLW  C8
01E1:  MOVWF  3A
01E2:  CALL   08C
01E3:  DECFSZ 39,F
01E4:  GOTO   1E0
....................                pausa=1; 
01E5:  MOVLW  01
01E6:  MOVWF  34
....................                } 
....................          } 
....................           
....................          while((input(pin_a4)==1)&&((cont==1)||(rev==1))){//start 
01E7:  BTFSS  05.4
01E8:  GOTO   253
01E9:  DECFSZ 29,W
01EA:  GOTO   1EC
01EB:  GOTO   1EE
01EC:  DECFSZ 2F,W
01ED:  GOTO   253
....................             if(start==0){ 
01EE:  MOVF   2C,F
01EF:  BTFSS  03.2
01F0:  GOTO   252
....................                if((input(pin_b2)==1)){//rev 
01F1:  BSF    03.5
01F2:  BSF    06.2
01F3:  BCF    03.5
01F4:  BTFSS  06.2
01F5:  GOTO   22F
....................                   if(pausa==0){ 
01F6:  MOVF   34,F
01F7:  BTFSS  03.2
01F8:  GOTO   21C
....................                   direcao=1; 
01F9:  MOVLW  01
01FA:  MOVWF  2D
....................                   reverso(); 
01FB:  GOTO   0E5
....................                   tempo=(tempo*4)-4; 
01FC:  RLF    27,W
01FD:  MOVWF  39
01FE:  RLF    28,W
01FF:  MOVWF  3A
0200:  RLF    39,F
0201:  RLF    3A,F
0202:  MOVLW  FC
0203:  ANDWF  39,F
0204:  MOVLW  04
0205:  SUBWF  39,W
0206:  MOVWF  27
0207:  MOVF   3A,W
0208:  MOVWF  28
0209:  MOVLW  00
020A:  BTFSS  03.0
020B:  MOVLW  01
020C:  SUBWF  28,F
....................                   output_low(pin_e0); 
020D:  BSF    03.5
020E:  BCF    09.0
020F:  BCF    03.5
0210:  BCF    09.0
....................    output_low(pin_e1);//led 30 
0211:  BSF    03.5
0212:  BCF    09.1
0213:  BCF    03.5
0214:  BCF    09.1
....................    output_low(pin_e2);//led 45 
0215:  BSF    03.5
0216:  BCF    09.2
0217:  BCF    03.5
0218:  BCF    09.2
....................    output_low(pin_c0);//led 60 
0219:  BCF    07.0
....................    output_low(pin_c1);//led 120 
021A:  BCF    07.1
....................    output_low(pin_c2);//led 180 
021B:  BCF    07.2
....................                   } 
....................                cont=1; 
021C:  MOVLW  01
021D:  MOVWF  29
....................                output_high(pin_d0);//habilita drive 
021E:  BSF    08.0
....................                output_low(pin_d1);//direcao 1 
021F:  BCF    08.1
....................                output_low(pin_d3);//direção 2 
0220:  BCF    08.3
....................                enable_interrupts(INT_TIMER2); 
0221:  BSF    03.5
0222:  BSF    0C.1
....................                disable_interrupts(INT_TIMER1); 
0223:  BCF    0C.0
....................                output_high(pin_c3);//led start 
0224:  BCF    03.5
0225:  BSF    07.3
....................                start=1; 
0226:  MOVWF  2C
....................                delay_ms(400); 
0227:  MOVLW  02
0228:  MOVWF  39
0229:  MOVLW  C8
022A:  MOVWF  3A
022B:  CALL   08C
022C:  DECFSZ 39,F
022D:  GOTO   229
....................                } 
022E:  GOTO   252
....................                 
....................                else{ 
....................                cont=1; 
022F:  MOVLW  01
0230:  MOVWF  29
....................                output_high(pin_d0);//habilita drive 
0231:  BSF    08.0
....................                output_high(pin_d1);//direcao 1 
0232:  BSF    08.1
....................                output_high(pin_d3);//direção 2 
0233:  BSF    08.3
....................                enable_interrupts(INT_TIMER2); 
0234:  BSF    03.5
0235:  BSF    0C.1
....................                disable_interrupts(INT_TIMER1); 
0236:  BCF    0C.0
....................                output_high(pin_c3);//led start 
0237:  BCF    03.5
0238:  BSF    07.3
....................                start=1; 
0239:  MOVWF  2C
....................                tempo=(tempo*4)-4;//tempo=(tempo*2)+5; 
023A:  RLF    27,W
023B:  MOVWF  39
023C:  RLF    28,W
023D:  MOVWF  3A
023E:  RLF    39,F
023F:  RLF    3A,F
0240:  MOVLW  FC
0241:  ANDWF  39,F
0242:  MOVLW  04
0243:  SUBWF  39,W
0244:  MOVWF  27
0245:  MOVF   3A,W
0246:  MOVWF  28
0247:  MOVLW  00
0248:  BTFSS  03.0
0249:  MOVLW  01
024A:  SUBWF  28,F
....................                delay_ms(400); 
024B:  MOVLW  02
024C:  MOVWF  39
024D:  MOVLW  C8
024E:  MOVWF  3A
024F:  CALL   08C
0250:  DECFSZ 39,F
0251:  GOTO   24D
....................                } 
....................             } 
0252:  GOTO   1E7
....................          }  
....................                                  
....................          if(input(pin_a5)==1){//reset 
0253:  BTFSS  05.5
0254:  GOTO   26F
....................          disable_interrupts(INT_TIMER1); 
0255:  BSF    03.5
0256:  BCF    0C.0
....................          disable_interrupts(INT_TIMER2); 
0257:  BCF    0C.1
....................          cont=0; 
0258:  BCF    03.5
0259:  CLRF   29
....................          tempo=0; 
025A:  CLRF   28
025B:  CLRF   27
....................          pisca=0; 
025C:  CLRF   32
....................          f_pisca=0;  
025D:  CLRF   33
....................          output_low(pin_e0);//led 15 
025E:  BSF    03.5
025F:  BCF    09.0
0260:  BCF    03.5
0261:  BCF    09.0
....................          output_low(pin_e1);//led 30 
0262:  BSF    03.5
0263:  BCF    09.1
0264:  BCF    03.5
0265:  BCF    09.1
....................          output_low(pin_e2);//led 45 
0266:  BSF    03.5
0267:  BCF    09.2
0268:  BCF    03.5
0269:  BCF    09.2
....................          zera(); 
026A:  CALL   0A1
....................          output_low(pin_c3);//led start 
026B:  BCF    07.3
....................          pausa=0;  
026C:  CLRF   34
....................          reset_cpu(); 
026D:  CLRF   0A
026E:  GOTO   000
....................          } 
026F:  GOTO   16B
....................              
....................       } 
....................    // FIM DO PROGRAMA 
.................... } 
....................  
0270:  SLEEP

Configuration Fuses:
   Word  1: 3F36   HS WDT PUT NOBROWNOUT NOLVP NOCPD NOWRT NODEBUG NOPROTECT
